# JRE version: Java(TM) SE Runtime Environment (8.0_91-b15) (build 1.8.0_91-b15)
# Java VM: Java HotSpot(TM) 64-Bit Server VM (25.91-b15 mixed mode windows-amd64 compressed oops)
Heap:
 PSYoungGen      total 112640K, used 21994K [0x00000000eab00000, 0x00000000f2f00000, 0x0000000100000000)
  eden space 100352K, 9% used [0x00000000eab00000,0x00000000eb47abb8,0x00000000f0d00000)
  from space 12288K, 99% used [0x00000000f0d00000,0x00000000f18ffd88,0x00000000f1900000)
  to   space 11264K, 0% used [0x00000000f1900000,0x00000000f1900000,0x00000000f2400000)
 ParOldGen       total 61440K, used 11097K [0x00000000c0000000, 0x00000000c3c00000, 0x00000000eab00000)
  object space 61440K, 18% used [0x00000000c0000000,0x00000000c0ad6778,0x00000000c3c00000)
 Metaspace       used 33052K, capacity 33726K, committed 33792K, reserved 1079296K
  class space    used 4410K, capacity 4570K, committed 4608K, reserved 1048576K
GC Heap History (10 events):
Event: 10.705 GC heap before
{Heap before GC invocations=6 (full 1):
 PSYoungGen      total 70656K, used 65536K [0x00000000eab00000, 0x00000000ef500000, 0x0000000100000000)
  eden space 65536K, 100% used [0x00000000eab00000,0x00000000eeb00000,0x00000000eeb00000)
  from space 5120K, 0% used [0x00000000ef000000,0x00000000ef000000,0x00000000ef500000)
  to   space 5120K, 0% used [0x00000000eeb00000,0x00000000eeb00000,0x00000000ef000000)
 ParOldGen       total 61440K, used 10321K [0x00000000c0000000, 0x00000000c3c00000, 0x00000000eab00000)
  object space 61440K, 16% used [0x00000000c0000000,0x00000000c0a14738,0x00000000c3c00000)
 Metaspace       used 21212K, capacity 21648K, committed 21888K, reserved 1069056K
  class space    used 2770K, capacity 2924K, committed 2944K, reserved 1048576K
Event: 10.711 GC heap after
Heap after GC invocations=6 (full 1):
 PSYoungGen      total 70656K, used 1607K [0x00000000eab00000, 0x00000000f2400000, 0x0000000100000000)
  eden space 65536K, 0% used [0x00000000eab00000,0x00000000eab00000,0x00000000eeb00000)
  from space 5120K, 31% used [0x00000000eeb00000,0x00000000eec91ce0,0x00000000ef000000)
  to   space 11264K, 0% used [0x00000000f1900000,0x00000000f1900000,0x00000000f2400000)
 ParOldGen       total 61440K, used 10329K [0x00000000c0000000, 0x00000000c3c00000, 0x00000000eab00000)
  object space 61440K, 16% used [0x00000000c0000000,0x00000000c0a16738,0x00000000c3c00000)
 Metaspace       used 21212K, capacity 21648K, committed 21888K, reserved 1069056K
  class space    used 2770K, capacity 2924K, committed 2944K, reserved 1048576K
}
Event: 11.254 GC heap before
{Heap before GC invocations=7 (full 1):
 PSYoungGen      total 70656K, used 67143K [0x00000000eab00000, 0x00000000f2400000, 0x0000000100000000)
  eden space 65536K, 100% used [0x00000000eab00000,0x00000000eeb00000,0x00000000eeb00000)
  from space 5120K, 31% used [0x00000000eeb00000,0x00000000eec91ce0,0x00000000ef000000)
  to   space 11264K, 0% used [0x00000000f1900000,0x00000000f1900000,0x00000000f2400000)
 ParOldGen       total 61440K, used 10329K [0x00000000c0000000, 0x00000000c3c00000, 0x00000000eab00000)
  object space 61440K, 16% used [0x00000000c0000000,0x00000000c0a16738,0x00000000c3c00000)
 Metaspace       used 21215K, capacity 21648K, committed 21888K, reserved 1069056K
  class space    used 2770K, capacity 2924K, committed 2944K, reserved 1048576K
Event: 11.271 GC heap after
Heap after GC invocations=7 (full 1):
 PSYoungGen      total 76800K, used 1920K [0x00000000eab00000, 0x00000000f2400000, 0x0000000100000000)
  eden space 65536K, 0% used [0x00000000eab00000,0x00000000eab00000,0x00000000eeb00000)
  from space 11264K, 17% used [0x00000000f1900000,0x00000000f1ae0020,0x00000000f2400000)
  to   space 5120K, 0% used [0x00000000eeb00000,0x00000000eeb00000,0x00000000ef000000)
 ParOldGen       total 61440K, used 10329K [0x00000000c0000000, 0x00000000c3c00000, 0x00000000eab00000)
  object space 61440K, 16% used [0x00000000c0000000,0x00000000c0a16738,0x00000000c3c00000)
 Metaspace       used 21215K, capacity 21648K, committed 21888K, reserved 1069056K
  class space    used 2770K, capacity 2924K, committed 2944K, reserved 1048576K
}
Event: 11.709 GC heap before
{Heap before GC invocations=8 (full 1):
 PSYoungGen      total 76800K, used 67456K [0x00000000eab00000, 0x00000000f2400000, 0x0000000100000000)
  eden space 65536K, 100% used [0x00000000eab00000,0x00000000eeb00000,0x00000000eeb00000)
  from space 11264K, 17% used [0x00000000f1900000,0x00000000f1ae0020,0x00000000f2400000)
  to   space 5120K, 0% used [0x00000000eeb00000,0x00000000eeb00000,0x00000000ef000000)
 ParOldGen       total 61440K, used 10329K [0x00000000c0000000, 0x00000000c3c00000, 0x00000000eab00000)
  object space 61440K, 16% used [0x00000000c0000000,0x00000000c0a16738,0x00000000c3c00000)
 Metaspace       used 21233K, capacity 21648K, committed 21888K, reserved 1069056K
  class space    used 2771K, capacity 2924K, committed 2944K, reserved 1048576K
Event: 11.744 GC heap after
Heap after GC invocations=8 (full 1):
 PSYoungGen      total 70656K, used 2752K [0x00000000eab00000, 0x00000000f2400000, 0x0000000100000000)
  eden space 65536K, 0% used [0x00000000eab00000,0x00000000eab00000,0x00000000eeb00000)
  from space 5120K, 53% used [0x00000000eeb00000,0x00000000eedb0020,0x00000000ef000000)
  to   space 11264K, 0% used [0x00000000f1900000,0x00000000f1900000,0x00000000f2400000)
 ParOldGen       total 61440K, used 10329K [0x00000000c0000000, 0x00000000c3c00000, 0x00000000eab00000)
  object space 61440K, 16% used [0x00000000c0000000,0x00000000c0a16738,0x00000000c3c00000)
 Metaspace       used 21233K, capacity 21648K, committed 21888K, reserved 1069056K
  class space    used 2771K, capacity 2924K, committed 2944K, reserved 1048576K
}
Event: 14.159 GC heap before
{Heap before GC invocations=9 (full 1):
 PSYoungGen      total 70656K, used 68288K [0x00000000eab00000, 0x00000000f2400000, 0x0000000100000000)
  eden space 65536K, 100% used [0x00000000eab00000,0x00000000eeb00000,0x00000000eeb00000)
  from space 5120K, 53% used [0x00000000eeb00000,0x00000000eedb0020,0x00000000ef000000)
  to   space 11264K, 0% used [0x00000000f1900000,0x00000000f1900000,0x00000000f2400000)
 ParOldGen       total 61440K, used 10329K [0x00000000c0000000, 0x00000000c3c00000, 0x00000000eab00000)
  object space 61440K, 16% used [0x00000000c0000000,0x00000000c0a16738,0x00000000c3c00000)
 Metaspace       used 26209K, capacity 26744K, committed 27008K, reserved 1073152K
  class space    used 3519K, capacity 3651K, committed 3712K, reserved 1048576K
Event: 14.170 GC heap after
Heap after GC invocations=9 (full 1):
 PSYoungGen      total 111616K, used 9725K [0x00000000eab00000, 0x00000000f2f00000, 0x0000000100000000)
  eden space 100352K, 0% used [0x00000000eab00000,0x00000000eab00000,0x00000000f0d00000)
  from space 11264K, 86% used [0x00000000f1900000,0x00000000f227f400,0x00000000f2400000)
  to   space 12288K, 0% used [0x00000000f0d00000,0x00000000f0d00000,0x00000000f1900000)
 ParOldGen       total 61440K, used 10337K [0x00000000c0000000, 0x00000000c3c00000, 0x00000000eab00000)
  object space 61440K, 16% used [0x00000000c0000000,0x00000000c0a18738,0x00000000c3c00000)
 Metaspace       used 26209K, capacity 26744K, committed 27008K, reserved 1073152K
  class space    used 3519K, capacity 3651K, committed 3712K, reserved 1048576K
}
Event: 18.141 GC heap before
{Heap before GC invocations=10 (full 1):
 PSYoungGen      total 111616K, used 110077K [0x00000000eab00000, 0x00000000f2f00000, 0x0000000100000000)
  eden space 100352K, 100% used [0x00000000eab00000,0x00000000f0d00000,0x00000000f0d00000)
  from space 11264K, 86% used [0x00000000f1900000,0x00000000f227f400,0x00000000f2400000)
  to   space 12288K, 0% used [0x00000000f0d00000,0x00000000f0d00000,0x00000000f1900000)
 ParOldGen       total 61440K, used 10337K [0x00000000c0000000, 0x00000000c3c00000, 0x00000000eab00000)
  object space 61440K, 16% used [0x00000000c0000000,0x00000000c0a18738,0x00000000c3c00000)
 Metaspace       used 32455K, capacity 33150K, committed 33280K, reserved 1077248K
  class space    used 4321K, capacity 4506K, committed 4608K, reserved 1048576K
Event: 18.167 GC heap after
Heap after GC invocations=10 (full 1):
 PSYoungGen      total 112640K, used 12287K [0x00000000eab00000, 0x00000000f2f00000, 0x0000000100000000)
  eden space 100352K, 0% used [0x00000000eab00000,0x00000000eab00000,0x00000000f0d00000)
  from space 12288K, 99% used [0x00000000f0d00000,0x00000000f18ffd88,0x00000000f1900000)
  to   space 11264K, 0% used [0x00000000f1900000,0x00000000f1900000,0x00000000f2400000)
 ParOldGen       total 61440K, used 11097K [0x00000000c0000000, 0x00000000c3c00000, 0x00000000eab00000)
  object space 61440K, 18% used [0x00000000c0000000,0x00000000c0ad6778,0x00000000c3c00000)
 Metaspace       used 32455K, capacity 33150K, committed 33280K, reserved 1077248K
  class space    used 4321K, capacity 4506K, committed 4608K, reserved 1048576K
}

