# JRE version: Java(TM) SE Runtime Environment (8.0_91-b15) (build 1.8.0_91-b15)
# Java VM: Java HotSpot(TM) 64-Bit Server VM (25.91-b15 mixed mode windows-amd64 compressed oops)
Heap:
 PSYoungGen      total 93184K, used 33250K [0x00000000eab00000, 0x00000000f2000000, 0x0000000100000000)
  eden space 80384K, 41% used [0x00000000eab00000,0x00000000ecb78be0,0x00000000ef980000)
  from space 12800K, 0% used [0x00000000f0800000,0x00000000f0800000,0x00000000f1480000)
  to   space 14848K, 0% used [0x00000000ef980000,0x00000000ef980000,0x00000000f0800000)
 ParOldGen       total 67584K, used 20685K [0x00000000c0000000, 0x00000000c4200000, 0x00000000eab00000)
  object space 67584K, 30% used [0x00000000c0000000,0x00000000c1433558,0x00000000c4200000)
 Metaspace       used 38143K, capacity 39062K, committed 39296K, reserved 1083392K
  class space    used 5187K, capacity 5379K, committed 5504K, reserved 1048576K
GC Heap History (10 events):
Event: 7.605 GC heap before
{Heap before GC invocations=8 (full 1):
 PSYoungGen      total 56320K, used 51752K [0x00000000eab00000, 0x00000000eed00000, 0x0000000100000000)
  eden space 46080K, 100% used [0x00000000eab00000,0x00000000ed800000,0x00000000ed800000)
  from space 10240K, 55% used [0x00000000ee300000,0x00000000ee88a120,0x00000000eed00000)
  to   space 10752K, 0% used [0x00000000ed800000,0x00000000ed800000,0x00000000ee280000)
 ParOldGen       total 67584K, used 9206K [0x00000000c0000000, 0x00000000c4200000, 0x00000000eab00000)
  object space 67584K, 13% used [0x00000000c0000000,0x00000000c08fdbd8,0x00000000c4200000)
 Metaspace       used 27258K, capacity 27912K, committed 28288K, reserved 1073152K
  class space    used 3698K, capacity 3870K, committed 3968K, reserved 1048576K
Event: 7.615 GC heap after
Heap after GC invocations=8 (full 1):
 PSYoungGen      total 56832K, used 4847K [0x00000000eab00000, 0x00000000efd80000, 0x0000000100000000)
  eden space 46080K, 0% used [0x00000000eab00000,0x00000000eab00000,0x00000000ed800000)
  from space 10752K, 45% used [0x00000000ed800000,0x00000000edcbbfb8,0x00000000ee280000)
  to   space 10240K, 0% used [0x00000000ef380000,0x00000000ef380000,0x00000000efd80000)
 ParOldGen       total 67584K, used 9214K [0x00000000c0000000, 0x00000000c4200000, 0x00000000eab00000)
  object space 67584K, 13% used [0x00000000c0000000,0x00000000c08ffbd8,0x00000000c4200000)
 Metaspace       used 27258K, capacity 27912K, committed 28288K, reserved 1073152K
  class space    used 3698K, capacity 3870K, committed 3968K, reserved 1048576K
}
Event: 9.759 GC heap before
{Heap before GC invocations=9 (full 1):
 PSYoungGen      total 56832K, used 50927K [0x00000000eab00000, 0x00000000efd80000, 0x0000000100000000)
  eden space 46080K, 100% used [0x00000000eab00000,0x00000000ed800000,0x00000000ed800000)
  from space 10752K, 45% used [0x00000000ed800000,0x00000000edcbbfb8,0x00000000ee280000)
  to   space 10240K, 0% used [0x00000000ef380000,0x00000000ef380000,0x00000000efd80000)
 ParOldGen       total 67584K, used 9214K [0x00000000c0000000, 0x00000000c4200000, 0x00000000eab00000)
  object space 67584K, 13% used [0x00000000c0000000,0x00000000c08ffbd8,0x00000000c4200000)
 Metaspace       used 30410K, capacity 30976K, committed 31232K, reserved 1077248K
  class space    used 4122K, capacity 4278K, committed 4352K, reserved 1048576K
Event: 9.784 GC heap after
Heap after GC invocations=9 (full 1):
 PSYoungGen      total 73728K, used 8435K [0x00000000eab00000, 0x00000000eff00000, 0x0000000100000000)
  eden space 63488K, 0% used [0x00000000eab00000,0x00000000eab00000,0x00000000ee900000)
  from space 10240K, 82% used [0x00000000ef380000,0x00000000efbbcec0,0x00000000efd80000)
  to   space 10752K, 0% used [0x00000000ee900000,0x00000000ee900000,0x00000000ef380000)
 ParOldGen       total 67584K, used 9214K [0x00000000c0000000, 0x00000000c4200000, 0x00000000eab00000)
  object space 67584K, 13% used [0x00000000c0000000,0x00000000c08ffbd8,0x00000000c4200000)
 Metaspace       used 30410K, capacity 30976K, committed 31232K, reserved 1077248K
  class space    used 4122K, capacity 4278K, committed 4352K, reserved 1048576K
}
Event: 10.574 GC heap before
{Heap before GC invocations=10 (full 1):
 PSYoungGen      total 73728K, used 71923K [0x00000000eab00000, 0x00000000eff00000, 0x0000000100000000)
  eden space 63488K, 100% used [0x00000000eab00000,0x00000000ee900000,0x00000000ee900000)
  from space 10240K, 82% used [0x00000000ef380000,0x00000000efbbcec0,0x00000000efd80000)
  to   space 10752K, 0% used [0x00000000ee900000,0x00000000ee900000,0x00000000ef380000)
 ParOldGen       total 67584K, used 9214K [0x00000000c0000000, 0x00000000c4200000, 0x00000000eab00000)
  object space 67584K, 13% used [0x00000000c0000000,0x00000000c08ffbd8,0x00000000c4200000)
 Metaspace       used 33491K, capacity 34246K, committed 34560K, reserved 1079296K
  class space    used 4515K, capacity 4740K, committed 4864K, reserved 1048576K
Event: 10.596 GC heap after
Heap after GC invocations=10 (full 1):
 PSYoungGen      total 74240K, used 10742K [0x00000000eab00000, 0x00000000f1480000, 0x0000000100000000)
  eden space 63488K, 0% used [0x00000000eab00000,0x00000000eab00000,0x00000000ee900000)
  from space 10752K, 99% used [0x00000000ee900000,0x00000000ef37dac8,0x00000000ef380000)
  to   space 12800K, 0% used [0x00000000f0800000,0x00000000f0800000,0x00000000f1480000)
 ParOldGen       total 67584K, used 11018K [0x00000000c0000000, 0x00000000c4200000, 0x00000000eab00000)
  object space 67584K, 16% used [0x00000000c0000000,0x00000000c0ac29a8,0x00000000c4200000)
 Metaspace       used 33491K, capacity 34246K, committed 34560K, reserved 1079296K
  class space    used 4515K, capacity 4740K, committed 4864K, reserved 1048576K
}
Event: 10.963 GC heap before
{Heap before GC invocations=11 (full 1):
 PSYoungGen      total 74240K, used 31736K [0x00000000eab00000, 0x00000000f1480000, 0x0000000100000000)
  eden space 63488K, 33% used [0x00000000eab00000,0x00000000ebf80770,0x00000000ee900000)
  from space 10752K, 99% used [0x00000000ee900000,0x00000000ef37dac8,0x00000000ef380000)
  to   space 12800K, 0% used [0x00000000f0800000,0x00000000f0800000,0x00000000f1480000)
 ParOldGen       total 67584K, used 11018K [0x00000000c0000000, 0x00000000c4200000, 0x00000000eab00000)
  object space 67584K, 16% used [0x00000000c0000000,0x00000000c0ac29a8,0x00000000c4200000)
 Metaspace       used 34509K, capacity 35304K, committed 35456K, reserved 1079296K
  class space    used 4683K, capacity 4902K, committed 4992K, reserved 1048576K
Event: 10.998 GC heap after
Heap after GC invocations=11 (full 1):
 PSYoungGen      total 93184K, used 12793K [0x00000000eab00000, 0x00000000f2000000, 0x0000000100000000)
  eden space 80384K, 0% used [0x00000000eab00000,0x00000000eab00000,0x00000000ef980000)
  from space 12800K, 99% used [0x00000000f0800000,0x00000000f147e720,0x00000000f1480000)
  to   space 14848K, 0% used [0x00000000ef980000,0x00000000ef980000,0x00000000f0800000)
 ParOldGen       total 67584K, used 11216K [0x00000000c0000000, 0x00000000c4200000, 0x00000000eab00000)
  object space 67584K, 16% used [0x00000000c0000000,0x00000000c0af40f8,0x00000000c4200000)
 Metaspace       used 34509K, capacity 35304K, committed 35456K, reserved 1079296K
  class space    used 4683K, capacity 4902K, committed 4992K, reserved 1048576K
}
Event: 10.998 GC heap before
{Heap before GC invocations=12 (full 2):
 PSYoungGen      total 93184K, used 12793K [0x00000000eab00000, 0x00000000f2000000, 0x0000000100000000)
  eden space 80384K, 0% used [0x00000000eab00000,0x00000000eab00000,0x00000000ef980000)
  from space 12800K, 99% used [0x00000000f0800000,0x00000000f147e720,0x00000000f1480000)
  to   space 14848K, 0% used [0x00000000ef980000,0x00000000ef980000,0x00000000f0800000)
 ParOldGen       total 67584K, used 11216K [0x00000000c0000000, 0x00000000c4200000, 0x00000000eab00000)
  object space 67584K, 16% used [0x00000000c0000000,0x00000000c0af40f8,0x00000000c4200000)
 Metaspace       used 34509K, capacity 35304K, committed 35456K, reserved 1079296K
  class space    used 4683K, capacity 4902K, committed 4992K, reserved 1048576K
Event: 11.283 GC heap after
Heap after GC invocations=12 (full 2):
 PSYoungGen      total 93184K, used 0K [0x00000000eab00000, 0x00000000f2000000, 0x0000000100000000)
  eden space 80384K, 0% used [0x00000000eab00000,0x00000000eab00000,0x00000000ef980000)
  from space 12800K, 0% used [0x00000000f0800000,0x00000000f0800000,0x00000000f1480000)
  to   space 14848K, 0% used [0x00000000ef980000,0x00000000ef980000,0x00000000f0800000)
 ParOldGen       total 67584K, used 20685K [0x00000000c0000000, 0x00000000c4200000, 0x00000000eab00000)
  object space 67584K, 30% used [0x00000000c0000000,0x00000000c1433558,0x00000000c4200000)
 Metaspace       used 34509K, capacity 35304K, committed 35456K, reserved 1079296K
  class space    used 4683K, capacity 4902K, committed 4992K, reserved 1048576K
}

